app/build/intermediates/manifest_merge_blame_file/debug/processDebugMainManifest/manifest-merger-blame-debug-report.txt
1<?xml version="1.0" encoding="utf-8"?>
2<manifest xmlns:android="http://schemas.android.com/apk/res/android"
3    package="com.example.hikermanagementapp"
4    android:versionCode="1"
5    android:versionName="1.0" >
6
7    <uses-sdk
8        android:minSdkVersion="28"
9        android:targetSdkVersion="36" />
10
11    <uses-permission android:name="android.permission.ACCESS_COARSE_LOCATION" />
11-->src\main\AndroidManifest.xml:5:5-81
11-->src\main\AndroidManifest.xml:5:22-78
12    <uses-permission android:name="android.permission.ACCESS_FINE_LOCATION" />
12-->src\main\AndroidManifest.xml:6:5-79
12-->src\main\AndroidManifest.xml:6:22-76
13    <uses-permission android:name="android.permission.POST_NOTIFICATIONS" />
13-->src\main\AndroidManifest.xml:7:5-98
13-->src\main\AndroidManifest.xml:7:22-74
14
15    <!-- OpenStreetMap permissions -->
16    <uses-permission android:name="android.permission.INTERNET" />
16-->src\main\AndroidManifest.xml:10:5-67
16-->src\main\AndroidManifest.xml:10:22-64
17    <uses-permission android:name="android.permission.ACCESS_NETWORK_STATE" />
17-->src\main\AndroidManifest.xml:11:5-79
17-->src\main\AndroidManifest.xml:11:22-76
18    <uses-permission android:name="android.permission.WRITE_EXTERNAL_STORAGE" />
18-->src\main\AndroidManifest.xml:12:5-13:40
18-->src\main\AndroidManifest.xml:12:22-78
19
20    <!-- Photo and Camera permissions -->
21    <uses-permission
21-->src\main\AndroidManifest.xml:16:5-17:38
22        android:name="android.permission.READ_EXTERNAL_STORAGE"
22-->src\main\AndroidManifest.xml:16:22-77
23        android:maxSdkVersion="32" />
23-->src\main\AndroidManifest.xml:17:9-35
24    <uses-permission android:name="android.permission.READ_MEDIA_IMAGES" />
24-->src\main\AndroidManifest.xml:18:5-19:32
24-->src\main\AndroidManifest.xml:18:22-73
25    <uses-permission android:name="android.permission.READ_MEDIA_VISUAL_USER_SELECTED" />
25-->src\main\AndroidManifest.xml:20:5-21:32
25-->src\main\AndroidManifest.xml:20:22-87
26    <uses-permission android:name="android.permission.CAMERA" />
26-->src\main\AndroidManifest.xml:22:5-65
26-->src\main\AndroidManifest.xml:22:22-62
27
28    <uses-feature
28-->src\main\AndroidManifest.xml:24:5-85
29        android:name="android.hardware.camera"
29-->src\main\AndroidManifest.xml:24:19-57
30        android:required="false" />
30-->src\main\AndroidManifest.xml:24:58-82
31    <uses-feature
31-->src\main\AndroidManifest.xml:25:5-95
32        android:name="android.hardware.camera.autofocus"
32-->src\main\AndroidManifest.xml:25:19-67
33        android:required="false" />
33-->src\main\AndroidManifest.xml:25:68-92
34
35    <uses-permission android:name="android.permission.WAKE_LOCK" />
35-->[androidx.work:work-runtime:2.9.1] AndroidManifest.xml:23:5-68
35-->[androidx.work:work-runtime:2.9.1] AndroidManifest.xml:23:22-65
36    <uses-permission android:name="android.permission.RECEIVE_BOOT_COMPLETED" />
36-->[androidx.work:work-runtime:2.9.1] AndroidManifest.xml:25:5-81
36-->[androidx.work:work-runtime:2.9.1] AndroidManifest.xml:25:22-78
37    <uses-permission android:name="android.permission.FOREGROUND_SERVICE" />
37-->[androidx.work:work-runtime:2.9.1] AndroidManifest.xml:26:5-77
37-->[androidx.work:work-runtime:2.9.1] AndroidManifest.xml:26:22-74
38
39    <permission
39-->[androidx.core:core:1.17.0] AndroidManifest.xml:22:5-24:47
40        android:name="com.example.hikermanagementapp.DYNAMIC_RECEIVER_NOT_EXPORTED_PERMISSION"
40-->[androidx.core:core:1.17.0] AndroidManifest.xml:23:9-81
41        android:protectionLevel="signature" />
41-->[androidx.core:core:1.17.0] AndroidManifest.xml:24:9-44
42
43    <uses-permission android:name="com.example.hikermanagementapp.DYNAMIC_RECEIVER_NOT_EXPORTED_PERMISSION" />
43-->[androidx.core:core:1.17.0] AndroidManifest.xml:26:5-97
43-->[androidx.core:core:1.17.0] AndroidManifest.xml:26:22-94
44
45    <supports-screens
45-->[org.osmdroid:osmdroid-android:6.1.20] AndroidManifest.xml:9:5-12:40
46        android:anyDensity="true"
46-->[org.osmdroid:osmdroid-android:6.1.20] AndroidManifest.xml:10:9-34
47        android:largeScreens="true"
47-->[org.osmdroid:osmdroid-android:6.1.20] AndroidManifest.xml:11:9-36
48        android:normalScreens="true" />
48-->[org.osmdroid:osmdroid-android:6.1.20] AndroidManifest.xml:12:9-37
49
50    <uses-feature
50-->[org.osmdroid:osmdroid-android:6.1.20] AndroidManifest.xml:14:5-16:36
51        android:name="android.hardware.location.network"
51-->[org.osmdroid:osmdroid-android:6.1.20] AndroidManifest.xml:15:9-57
52        android:required="false" />
52-->[org.osmdroid:osmdroid-android:6.1.20] AndroidManifest.xml:16:9-33
53    <uses-feature
53-->[org.osmdroid:osmdroid-android:6.1.20] AndroidManifest.xml:17:5-19:36
54        android:name="android.hardware.location.gps"
54-->[org.osmdroid:osmdroid-android:6.1.20] AndroidManifest.xml:18:9-53
55        android:required="false" />
55-->[org.osmdroid:osmdroid-android:6.1.20] AndroidManifest.xml:19:9-33
56    <uses-feature
56-->[org.osmdroid:osmdroid-android:6.1.20] AndroidManifest.xml:20:5-22:36
57        android:name="android.hardware.telephony"
57-->[org.osmdroid:osmdroid-android:6.1.20] AndroidManifest.xml:21:9-50
58        android:required="false" />
58-->[org.osmdroid:osmdroid-android:6.1.20] AndroidManifest.xml:22:9-33
59    <uses-feature
59-->[org.osmdroid:osmdroid-android:6.1.20] AndroidManifest.xml:23:5-25:36
60        android:name="android.hardware.wifi"
60-->[org.osmdroid:osmdroid-android:6.1.20] AndroidManifest.xml:24:9-45
61        android:required="false" />
61-->[org.osmdroid:osmdroid-android:6.1.20] AndroidManifest.xml:25:9-33
62
63    <application
63-->src\main\AndroidManifest.xml:27:5-56:19
64        android:name="com.example.hikermanagementapp.HikerApp"
64-->src\main\AndroidManifest.xml:28:9-33
65        android:allowBackup="true"
65-->src\main\AndroidManifest.xml:29:9-35
66        android:appComponentFactory="androidx.core.app.CoreComponentFactory"
66-->[androidx.core:core:1.17.0] AndroidManifest.xml:28:18-86
67        android:debuggable="true"
68        android:extractNativeLibs="false"
69        android:icon="@mipmap/ic_launcher"
69-->src\main\AndroidManifest.xml:31:9-43
70        android:label="M-Hike"
70-->src\main\AndroidManifest.xml:30:9-31
71        android:roundIcon="@mipmap/ic_launcher_round"
71-->src\main\AndroidManifest.xml:32:9-54
72        android:supportsRtl="true"
72-->src\main\AndroidManifest.xml:33:9-35
73        android:testOnly="true"
74        android:theme="@style/Theme.HikerManagementApp" >
74-->src\main\AndroidManifest.xml:34:9-56
75
76        <!-- FileProvider for camera photos -->
77        <provider
78            android:name="androidx.core.content.FileProvider"
78-->src\main\AndroidManifest.xml:38:13-62
79            android:authorities="com.example.hikermanagementapp.fileprovider"
79-->src\main\AndroidManifest.xml:39:13-64
80            android:exported="false"
80-->src\main\AndroidManifest.xml:40:13-37
81            android:grantUriPermissions="true" >
81-->src\main\AndroidManifest.xml:41:13-47
82            <meta-data
82-->src\main\AndroidManifest.xml:42:13-44:54
83                android:name="android.support.FILE_PROVIDER_PATHS"
83-->src\main\AndroidManifest.xml:43:17-67
84                android:resource="@xml/file_paths" />
84-->src\main\AndroidManifest.xml:44:17-51
85        </provider>
86
87        <activity
87-->src\main\AndroidManifest.xml:47:9-55:20
88            android:name="com.example.hikermanagementapp.MainActivity"
88-->src\main\AndroidManifest.xml:48:13-41
89            android:exported="true" >
89-->src\main\AndroidManifest.xml:49:13-36
90            <intent-filter>
90-->src\main\AndroidManifest.xml:50:13-54:29
91                <action android:name="android.intent.action.MAIN" />
91-->src\main\AndroidManifest.xml:51:17-69
91-->src\main\AndroidManifest.xml:51:25-66
92
93                <category android:name="android.intent.category.LAUNCHER" />
93-->src\main\AndroidManifest.xml:53:17-77
93-->src\main\AndroidManifest.xml:53:27-74
94            </intent-filter>
95        </activity>
96        <activity
96-->[com.google.android.gms:play-services-base:18.5.0] AndroidManifest.xml:5:9-173
97            android:name="com.google.android.gms.common.api.GoogleApiActivity"
97-->[com.google.android.gms:play-services-base:18.5.0] AndroidManifest.xml:5:19-85
98            android:exported="false"
98-->[com.google.android.gms:play-services-base:18.5.0] AndroidManifest.xml:5:146-170
99            android:theme="@android:style/Theme.Translucent.NoTitleBar" />
99-->[com.google.android.gms:play-services-base:18.5.0] AndroidManifest.xml:5:86-145
100
101        <meta-data
101-->[com.google.android.gms:play-services-basement:18.4.0] AndroidManifest.xml:6:9-122
102            android:name="com.google.android.gms.version"
102-->[com.google.android.gms:play-services-basement:18.4.0] AndroidManifest.xml:6:20-65
103            android:value="@integer/google_play_services_version" />
103-->[com.google.android.gms:play-services-basement:18.4.0] AndroidManifest.xml:6:66-119
104
105        <provider
105-->[androidx.emoji2:emoji2:1.3.0] AndroidManifest.xml:24:9-32:20
106            android:name="androidx.startup.InitializationProvider"
106-->[androidx.emoji2:emoji2:1.3.0] AndroidManifest.xml:25:13-67
107            android:authorities="com.example.hikermanagementapp.androidx-startup"
107-->[androidx.emoji2:emoji2:1.3.0] AndroidManifest.xml:26:13-68
108            android:exported="false" >
108-->[androidx.emoji2:emoji2:1.3.0] AndroidManifest.xml:27:13-37
109            <meta-data
109-->[androidx.emoji2:emoji2:1.3.0] AndroidManifest.xml:29:13-31:52
110                android:name="androidx.emoji2.text.EmojiCompatInitializer"
110-->[androidx.emoji2:emoji2:1.3.0] AndroidManifest.xml:30:17-75
111                android:value="androidx.startup" />
111-->[androidx.emoji2:emoji2:1.3.0] AndroidManifest.xml:31:17-49
112            <meta-data
112-->[androidx.work:work-runtime:2.9.1] AndroidManifest.xml:34:13-36:52
113                android:name="androidx.work.WorkManagerInitializer"
113-->[androidx.work:work-runtime:2.9.1] AndroidManifest.xml:35:17-68
114                android:value="androidx.startup" />
114-->[androidx.work:work-runtime:2.9.1] AndroidManifest.xml:36:17-49
115            <meta-data
115-->[androidx.lifecycle:lifecycle-process:2.9.0] AndroidManifest.xml:29:13-31:52
116                android:name="androidx.lifecycle.ProcessLifecycleInitializer"
116-->[androidx.lifecycle:lifecycle-process:2.9.0] AndroidManifest.xml:30:17-78
117                android:value="androidx.startup" />
117-->[androidx.lifecycle:lifecycle-process:2.9.0] AndroidManifest.xml:31:17-49
118            <meta-data
118-->[androidx.profileinstaller:profileinstaller:1.4.0] AndroidManifest.xml:29:13-31:52
119                android:name="androidx.profileinstaller.ProfileInstallerInitializer"
119-->[androidx.profileinstaller:profileinstaller:1.4.0] AndroidManifest.xml:30:17-85
120                android:value="androidx.startup" />
120-->[androidx.profileinstaller:profileinstaller:1.4.0] AndroidManifest.xml:31:17-49
121        </provider>
122
123        <service
123-->[androidx.work:work-runtime:2.9.1] AndroidManifest.xml:39:9-45:35
124            android:name="androidx.work.impl.background.systemalarm.SystemAlarmService"
124-->[androidx.work:work-runtime:2.9.1] AndroidManifest.xml:40:13-88
125            android:directBootAware="false"
125-->[androidx.work:work-runtime:2.9.1] AndroidManifest.xml:41:13-44
126            android:enabled="@bool/enable_system_alarm_service_default"
126-->[androidx.work:work-runtime:2.9.1] AndroidManifest.xml:42:13-72
127            android:exported="false" />
127-->[androidx.work:work-runtime:2.9.1] AndroidManifest.xml:43:13-37
128        <service
128-->[androidx.work:work-runtime:2.9.1] AndroidManifest.xml:46:9-52:35
129            android:name="androidx.work.impl.background.systemjob.SystemJobService"
129-->[androidx.work:work-runtime:2.9.1] AndroidManifest.xml:47:13-84
130            android:directBootAware="false"
130-->[androidx.work:work-runtime:2.9.1] AndroidManifest.xml:48:13-44
131            android:enabled="@bool/enable_system_job_service_default"
131-->[androidx.work:work-runtime:2.9.1] AndroidManifest.xml:49:13-70
132            android:exported="true"
132-->[androidx.work:work-runtime:2.9.1] AndroidManifest.xml:50:13-36
133            android:permission="android.permission.BIND_JOB_SERVICE" />
133-->[androidx.work:work-runtime:2.9.1] AndroidManifest.xml:51:13-69
134        <service
134-->[androidx.work:work-runtime:2.9.1] AndroidManifest.xml:53:9-59:35
135            android:name="androidx.work.impl.foreground.SystemForegroundService"
135-->[androidx.work:work-runtime:2.9.1] AndroidManifest.xml:54:13-81
136            android:directBootAware="false"
136-->[androidx.work:work-runtime:2.9.1] AndroidManifest.xml:55:13-44
137            android:enabled="@bool/enable_system_foreground_service_default"
137-->[androidx.work:work-runtime:2.9.1] AndroidManifest.xml:56:13-77
138            android:exported="false" />
138-->[androidx.work:work-runtime:2.9.1] AndroidManifest.xml:57:13-37
139
140        <receiver
140-->[androidx.work:work-runtime:2.9.1] AndroidManifest.xml:61:9-66:35
141            android:name="androidx.work.impl.utils.ForceStopRunnable$BroadcastReceiver"
141-->[androidx.work:work-runtime:2.9.1] AndroidManifest.xml:62:13-88
142            android:directBootAware="false"
142-->[androidx.work:work-runtime:2.9.1] AndroidManifest.xml:63:13-44
143            android:enabled="true"
143-->[androidx.work:work-runtime:2.9.1] AndroidManifest.xml:64:13-35
144            android:exported="false" />
144-->[androidx.work:work-runtime:2.9.1] AndroidManifest.xml:65:13-37
145        <receiver
145-->[androidx.work:work-runtime:2.9.1] AndroidManifest.xml:67:9-77:20
146            android:name="androidx.work.impl.background.systemalarm.ConstraintProxy$BatteryChargingProxy"
146-->[androidx.work:work-runtime:2.9.1] AndroidManifest.xml:68:13-106
147            android:directBootAware="false"
147-->[androidx.work:work-runtime:2.9.1] AndroidManifest.xml:69:13-44
148            android:enabled="false"
148-->[androidx.work:work-runtime:2.9.1] AndroidManifest.xml:70:13-36
149            android:exported="false" >
149-->[androidx.work:work-runtime:2.9.1] AndroidManifest.xml:71:13-37
150            <intent-filter>
150-->[androidx.work:work-runtime:2.9.1] AndroidManifest.xml:73:13-76:29
151                <action android:name="android.intent.action.ACTION_POWER_CONNECTED" />
151-->[androidx.work:work-runtime:2.9.1] AndroidManifest.xml:74:17-87
151-->[androidx.work:work-runtime:2.9.1] AndroidManifest.xml:74:25-84
152                <action android:name="android.intent.action.ACTION_POWER_DISCONNECTED" />
152-->[androidx.work:work-runtime:2.9.1] AndroidManifest.xml:75:17-90
152-->[androidx.work:work-runtime:2.9.1] AndroidManifest.xml:75:25-87
153            </intent-filter>
154        </receiver>
155        <receiver
155-->[androidx.work:work-runtime:2.9.1] AndroidManifest.xml:78:9-88:20
156            android:name="androidx.work.impl.background.systemalarm.ConstraintProxy$BatteryNotLowProxy"
156-->[androidx.work:work-runtime:2.9.1] AndroidManifest.xml:79:13-104
157            android:directBootAware="false"
157-->[androidx.work:work-runtime:2.9.1] AndroidManifest.xml:80:13-44
158            android:enabled="false"
158-->[androidx.work:work-runtime:2.9.1] AndroidManifest.xml:81:13-36
159            android:exported="false" >
159-->[androidx.work:work-runtime:2.9.1] AndroidManifest.xml:82:13-37
160            <intent-filter>
160-->[androidx.work:work-runtime:2.9.1] AndroidManifest.xml:84:13-87:29
161                <action android:name="android.intent.action.BATTERY_OKAY" />
161-->[androidx.work:work-runtime:2.9.1] AndroidManifest.xml:85:17-77
161-->[androidx.work:work-runtime:2.9.1] AndroidManifest.xml:85:25-74
162                <action android:name="android.intent.action.BATTERY_LOW" />
162-->[androidx.work:work-runtime:2.9.1] AndroidManifest.xml:86:17-76
162-->[androidx.work:work-runtime:2.9.1] AndroidManifest.xml:86:25-73
163            </intent-filter>
164        </receiver>
165        <receiver
165-->[androidx.work:work-runtime:2.9.1] AndroidManifest.xml:89:9-99:20
166            android:name="androidx.work.impl.background.systemalarm.ConstraintProxy$StorageNotLowProxy"
166-->[androidx.work:work-runtime:2.9.1] AndroidManifest.xml:90:13-104
167            android:directBootAware="false"
167-->[androidx.work:work-runtime:2.9.1] AndroidManifest.xml:91:13-44
168            android:enabled="false"
168-->[androidx.work:work-runtime:2.9.1] AndroidManifest.xml:92:13-36
169            android:exported="false" >
169-->[androidx.work:work-runtime:2.9.1] AndroidManifest.xml:93:13-37
170            <intent-filter>
170-->[androidx.work:work-runtime:2.9.1] AndroidManifest.xml:95:13-98:29
171                <action android:name="android.intent.action.DEVICE_STORAGE_LOW" />
171-->[androidx.work:work-runtime:2.9.1] AndroidManifest.xml:96:17-83
171-->[androidx.work:work-runtime:2.9.1] AndroidManifest.xml:96:25-80
172                <action android:name="android.intent.action.DEVICE_STORAGE_OK" />
172-->[androidx.work:work-runtime:2.9.1] AndroidManifest.xml:97:17-82
172-->[androidx.work:work-runtime:2.9.1] AndroidManifest.xml:97:25-79
173            </intent-filter>
174        </receiver>
175        <receiver
175-->[androidx.work:work-runtime:2.9.1] AndroidManifest.xml:100:9-109:20
176            android:name="androidx.work.impl.background.systemalarm.ConstraintProxy$NetworkStateProxy"
176-->[androidx.work:work-runtime:2.9.1] AndroidManifest.xml:101:13-103
177            android:directBootAware="false"
177-->[androidx.work:work-runtime:2.9.1] AndroidManifest.xml:102:13-44
178            android:enabled="false"
178-->[androidx.work:work-runtime:2.9.1] AndroidManifest.xml:103:13-36
179            android:exported="false" >
179-->[androidx.work:work-runtime:2.9.1] AndroidManifest.xml:104:13-37
180            <intent-filter>
180-->[androidx.work:work-runtime:2.9.1] AndroidManifest.xml:106:13-108:29
181                <action android:name="android.net.conn.CONNECTIVITY_CHANGE" />
181-->[androidx.work:work-runtime:2.9.1] AndroidManifest.xml:107:17-79
181-->[androidx.work:work-runtime:2.9.1] AndroidManifest.xml:107:25-76
182            </intent-filter>
183        </receiver>
184        <receiver
184-->[androidx.work:work-runtime:2.9.1] AndroidManifest.xml:110:9-121:20
185            android:name="androidx.work.impl.background.systemalarm.RescheduleReceiver"
185-->[androidx.work:work-runtime:2.9.1] AndroidManifest.xml:111:13-88
186            android:directBootAware="false"
186-->[androidx.work:work-runtime:2.9.1] AndroidManifest.xml:112:13-44
187            android:enabled="false"
187-->[androidx.work:work-runtime:2.9.1] AndroidManifest.xml:113:13-36
188            android:exported="false" >
188-->[androidx.work:work-runtime:2.9.1] AndroidManifest.xml:114:13-37
189            <intent-filter>
189-->[androidx.work:work-runtime:2.9.1] AndroidManifest.xml:116:13-120:29
190                <action android:name="android.intent.action.BOOT_COMPLETED" />
190-->[androidx.work:work-runtime:2.9.1] AndroidManifest.xml:117:17-79
190-->[androidx.work:work-runtime:2.9.1] AndroidManifest.xml:117:25-76
191                <action android:name="android.intent.action.TIME_SET" />
191-->[androidx.work:work-runtime:2.9.1] AndroidManifest.xml:118:17-73
191-->[androidx.work:work-runtime:2.9.1] AndroidManifest.xml:118:25-70
192                <action android:name="android.intent.action.TIMEZONE_CHANGED" />
192-->[androidx.work:work-runtime:2.9.1] AndroidManifest.xml:119:17-81
192-->[androidx.work:work-runtime:2.9.1] AndroidManifest.xml:119:25-78
193            </intent-filter>
194        </receiver>
195        <receiver
195-->[androidx.work:work-runtime:2.9.1] AndroidManifest.xml:122:9-131:20
196            android:name="androidx.work.impl.background.systemalarm.ConstraintProxyUpdateReceiver"
196-->[androidx.work:work-runtime:2.9.1] AndroidManifest.xml:123:13-99
197            android:directBootAware="false"
197-->[androidx.work:work-runtime:2.9.1] AndroidManifest.xml:124:13-44
198            android:enabled="@bool/enable_system_alarm_service_default"
198-->[androidx.work:work-runtime:2.9.1] AndroidManifest.xml:125:13-72
199            android:exported="false" >
199-->[androidx.work:work-runtime:2.9.1] AndroidManifest.xml:126:13-37
200            <intent-filter>
200-->[androidx.work:work-runtime:2.9.1] AndroidManifest.xml:128:13-130:29
201                <action android:name="androidx.work.impl.background.systemalarm.UpdateProxies" />
201-->[androidx.work:work-runtime:2.9.1] AndroidManifest.xml:129:17-98
201-->[androidx.work:work-runtime:2.9.1] AndroidManifest.xml:129:25-95
202            </intent-filter>
203        </receiver>
204        <receiver
204-->[androidx.work:work-runtime:2.9.1] AndroidManifest.xml:132:9-142:20
205            android:name="androidx.work.impl.diagnostics.DiagnosticsReceiver"
205-->[androidx.work:work-runtime:2.9.1] AndroidManifest.xml:133:13-78
206            android:directBootAware="false"
206-->[androidx.work:work-runtime:2.9.1] AndroidManifest.xml:134:13-44
207            android:enabled="true"
207-->[androidx.work:work-runtime:2.9.1] AndroidManifest.xml:135:13-35
208            android:exported="true"
208-->[androidx.work:work-runtime:2.9.1] AndroidManifest.xml:136:13-36
209            android:permission="android.permission.DUMP" >
209-->[androidx.work:work-runtime:2.9.1] AndroidManifest.xml:137:13-57
210            <intent-filter>
210-->[androidx.work:work-runtime:2.9.1] AndroidManifest.xml:139:13-141:29
211                <action android:name="androidx.work.diagnostics.REQUEST_DIAGNOSTICS" />
211-->[androidx.work:work-runtime:2.9.1] AndroidManifest.xml:140:17-88
211-->[androidx.work:work-runtime:2.9.1] AndroidManifest.xml:140:25-85
212            </intent-filter>
213        </receiver>
214
215        <uses-library
215-->[androidx.window:window:1.0.0] AndroidManifest.xml:25:9-27:40
216            android:name="androidx.window.extensions"
216-->[androidx.window:window:1.0.0] AndroidManifest.xml:26:13-54
217            android:required="false" />
217-->[androidx.window:window:1.0.0] AndroidManifest.xml:27:13-37
218        <uses-library
218-->[androidx.window:window:1.0.0] AndroidManifest.xml:28:9-30:40
219            android:name="androidx.window.sidecar"
219-->[androidx.window:window:1.0.0] AndroidManifest.xml:29:13-51
220            android:required="false" />
220-->[androidx.window:window:1.0.0] AndroidManifest.xml:30:13-37
221
222        <service
222-->[androidx.room:room-runtime:2.6.1] AndroidManifest.xml:24:9-28:63
223            android:name="androidx.room.MultiInstanceInvalidationService"
223-->[androidx.room:room-runtime:2.6.1] AndroidManifest.xml:25:13-74
224            android:directBootAware="true"
224-->[androidx.room:room-runtime:2.6.1] AndroidManifest.xml:26:13-43
225            android:exported="false" />
225-->[androidx.room:room-runtime:2.6.1] AndroidManifest.xml:27:13-37
226
227        <receiver
227-->[androidx.profileinstaller:profileinstaller:1.4.0] AndroidManifest.xml:34:9-52:20
228            android:name="androidx.profileinstaller.ProfileInstallReceiver"
228-->[androidx.profileinstaller:profileinstaller:1.4.0] AndroidManifest.xml:35:13-76
229            android:directBootAware="false"
229-->[androidx.profileinstaller:profileinstaller:1.4.0] AndroidManifest.xml:36:13-44
230            android:enabled="true"
230-->[androidx.profileinstaller:profileinstaller:1.4.0] AndroidManifest.xml:37:13-35
231            android:exported="true"
231-->[androidx.profileinstaller:profileinstaller:1.4.0] AndroidManifest.xml:38:13-36
232            android:permission="android.permission.DUMP" >
232-->[androidx.profileinstaller:profileinstaller:1.4.0] AndroidManifest.xml:39:13-57
233            <intent-filter>
233-->[androidx.profileinstaller:profileinstaller:1.4.0] AndroidManifest.xml:40:13-42:29
234                <action android:name="androidx.profileinstaller.action.INSTALL_PROFILE" />
234-->[androidx.profileinstaller:profileinstaller:1.4.0] AndroidManifest.xml:41:17-91
234-->[androidx.profileinstaller:profileinstaller:1.4.0] AndroidManifest.xml:41:25-88
235            </intent-filter>
236            <intent-filter>
236-->[androidx.profileinstaller:profileinstaller:1.4.0] AndroidManifest.xml:43:13-45:29
237                <action android:name="androidx.profileinstaller.action.SKIP_FILE" />
237-->[androidx.profileinstaller:profileinstaller:1.4.0] AndroidManifest.xml:44:17-85
237-->[androidx.profileinstaller:profileinstaller:1.4.0] AndroidManifest.xml:44:25-82
238            </intent-filter>
239            <intent-filter>
239-->[androidx.profileinstaller:profileinstaller:1.4.0] AndroidManifest.xml:46:13-48:29
240                <action android:name="androidx.profileinstaller.action.SAVE_PROFILE" />
240-->[androidx.profileinstaller:profileinstaller:1.4.0] AndroidManifest.xml:47:17-88
240-->[androidx.profileinstaller:profileinstaller:1.4.0] AndroidManifest.xml:47:25-85
241            </intent-filter>
242            <intent-filter>
242-->[androidx.profileinstaller:profileinstaller:1.4.0] AndroidManifest.xml:49:13-51:29
243                <action android:name="androidx.profileinstaller.action.BENCHMARK_OPERATION" />
243-->[androidx.profileinstaller:profileinstaller:1.4.0] AndroidManifest.xml:50:17-95
243-->[androidx.profileinstaller:profileinstaller:1.4.0] AndroidManifest.xml:50:25-92
244            </intent-filter>
245        </receiver>
246    </application>
247
248</manifest>